  M2-GD-WEBB_Karris_Pokemon.cpp
C:\Users\karris.webb\M2-GD-WEBB_Karris_Pokemon\M2-GD-WEBB_Karris_Pokemon\Pokemon.h(4,10): warning C4067: unexpected tokens following preprocessor directive - expected a newline
C:\Users\karris.webb\M2-GD-WEBB_Karris_Pokemon\M2-GD-WEBB_Karris_Pokemon\Pokemon.cpp(6,1): error C2653: 'Pokemon': is not a class or namespace name
C:\Users\karris.webb\M2-GD-WEBB_Karris_Pokemon\M2-GD-WEBB_Karris_Pokemon\Pokemon.cpp(7,1): error C4430: missing type specifier - int assumed. Note: C++ does not support default-int
C:\Users\karris.webb\M2-GD-WEBB_Karris_Pokemon\M2-GD-WEBB_Karris_Pokemon\Pokemon.cpp(8,5): error C2065: 'mName': undeclared identifier
C:\Users\karris.webb\M2-GD-WEBB_Karris_Pokemon\M2-GD-WEBB_Karris_Pokemon\Pokemon.cpp(9,5): error C2065: 'mDescription': undeclared identifier
C:\Users\karris.webb\M2-GD-WEBB_Karris_Pokemon\M2-GD-WEBB_Karris_Pokemon\Pokemon.cpp(10,5): error C2065: 'mPokemonType': undeclared identifier
C:\Users\karris.webb\M2-GD-WEBB_Karris_Pokemon\M2-GD-WEBB_Karris_Pokemon\Pokemon.cpp(11,5): error C2065: 'mLevel': undeclared identifier
C:\Users\karris.webb\M2-GD-WEBB_Karris_Pokemon\M2-GD-WEBB_Karris_Pokemon\Pokemon.cpp(12,5): error C2065: 'mLife': undeclared identifier
C:\Users\karris.webb\M2-GD-WEBB_Karris_Pokemon\M2-GD-WEBB_Karris_Pokemon\Pokemon.cpp(13,1): warning C4508: 'Pokemon': function should return a value; 'void' return type assumed
C:\Users\karris.webb\M2-GD-WEBB_Karris_Pokemon\M2-GD-WEBB_Karris_Pokemon\Pokemon.cpp(16,1): error C2653: 'Pokemon': is not a class or namespace name
C:\Users\karris.webb\M2-GD-WEBB_Karris_Pokemon\M2-GD-WEBB_Karris_Pokemon\Pokemon.cpp(17,1): error C4430: missing type specifier - int assumed. Note: C++ does not support default-int
C:\Users\karris.webb\M2-GD-WEBB_Karris_Pokemon\M2-GD-WEBB_Karris_Pokemon\Pokemon.cpp(18,5): error C2065: 'mName': undeclared identifier
C:\Users\karris.webb\M2-GD-WEBB_Karris_Pokemon\M2-GD-WEBB_Karris_Pokemon\Pokemon.cpp(19,5): error C2065: 'mDescription': undeclared identifier
C:\Users\karris.webb\M2-GD-WEBB_Karris_Pokemon\M2-GD-WEBB_Karris_Pokemon\Pokemon.cpp(20,5): error C2065: 'mPokemonType': undeclared identifier
C:\Users\karris.webb\M2-GD-WEBB_Karris_Pokemon\M2-GD-WEBB_Karris_Pokemon\Pokemon.cpp(21,5): error C2065: 'mPokemonType': undeclared identifier
C:\Users\karris.webb\M2-GD-WEBB_Karris_Pokemon\M2-GD-WEBB_Karris_Pokemon\Pokemon.cpp(22,5): error C2065: 'mLevel': undeclared identifier
C:\Users\karris.webb\M2-GD-WEBB_Karris_Pokemon\M2-GD-WEBB_Karris_Pokemon\Pokemon.cpp(23,5): error C2065: 'mLife': undeclared identifier
C:\Users\karris.webb\M2-GD-WEBB_Karris_Pokemon\M2-GD-WEBB_Karris_Pokemon\Pokemon.cpp(24,1): warning C4508: 'Pokemon': function should return a value; 'void' return type assumed
C:\Users\karris.webb\M2-GD-WEBB_Karris_Pokemon\M2-GD-WEBB_Karris_Pokemon\Pokemon.cpp(26,1): error C2653: 'Pokemon': is not a class or namespace name
C:\Users\karris.webb\M2-GD-WEBB_Karris_Pokemon\M2-GD-WEBB_Karris_Pokemon\Pokemon.cpp(26,21): error C4430: missing type specifier - int assumed. Note: C++ does not support default-int
C:\Users\karris.webb\M2-GD-WEBB_Karris_Pokemon\M2-GD-WEBB_Karris_Pokemon\Pokemon.cpp(26,22): warning C4508: '{dtor}': function should return a value; 'void' return type assumed
C:\Users\karris.webb\M2-GD-WEBB_Karris_Pokemon\M2-GD-WEBB_Karris_Pokemon\Pokemon.cpp(28,8): error C2653: 'Pokemon': is not a class or namespace name
C:\Users\karris.webb\M2-GD-WEBB_Karris_Pokemon\M2-GD-WEBB_Karris_Pokemon\Pokemon.cpp(28,43): error C2065: 'mName': undeclared identifier
C:\Users\karris.webb\M2-GD-WEBB_Karris_Pokemon\M2-GD-WEBB_Karris_Pokemon\Pokemon.cpp(30,8): error C2653: 'Pokemon': is not a class or namespace name
C:\Users\karris.webb\M2-GD-WEBB_Karris_Pokemon\M2-GD-WEBB_Karris_Pokemon\Pokemon.cpp(30,50): error C2065: 'mDescription': undeclared identifier
C:\Users\karris.webb\M2-GD-WEBB_Karris_Pokemon\M2-GD-WEBB_Karris_Pokemon\Pokemon.cpp(32,14): error C2653: 'Pokemon': is not a class or namespace name
C:\Users\karris.webb\M2-GD-WEBB_Karris_Pokemon\M2-GD-WEBB_Karris_Pokemon\Pokemon.cpp(32,49): error C2065: 'mPokemonType': undeclared identifier
C:\Users\karris.webb\M2-GD-WEBB_Karris_Pokemon\M2-GD-WEBB_Karris_Pokemon\Pokemon.cpp(34,5): error C2653: 'Pokemon': is not a class or namespace name
C:\Users\karris.webb\M2-GD-WEBB_Karris_Pokemon\M2-GD-WEBB_Karris_Pokemon\Pokemon.cpp(34,34): error C2065: 'mLevel': undeclared identifier
C:\Users\karris.webb\M2-GD-WEBB_Karris_Pokemon\M2-GD-WEBB_Karris_Pokemon\Pokemon.cpp(36,5): error C2653: 'Pokemon': is not a class or namespace name
C:\Users\karris.webb\M2-GD-WEBB_Karris_Pokemon\M2-GD-WEBB_Karris_Pokemon\Pokemon.cpp(36,33): error C2065: 'mLife': undeclared identifier
C:\Users\karris.webb\M2-GD-WEBB_Karris_Pokemon\M2-GD-WEBB_Karris_Pokemon\Trainer.h(3,10): warning C4067: unexpected tokens following preprocessor directive - expected a newline
C:\Users\karris.webb\M2-GD-WEBB_Karris_Pokemon\M2-GD-WEBB_Karris_Pokemon\Trainer.cpp(6,1): error C2653: 'Trainer': is not a class or namespace name
C:\Users\karris.webb\M2-GD-WEBB_Karris_Pokemon\M2-GD-WEBB_Karris_Pokemon\Trainer.cpp(7,1): error C4430: missing type specifier - int assumed. Note: C++ does not support default-int
C:\Users\karris.webb\M2-GD-WEBB_Karris_Pokemon\M2-GD-WEBB_Karris_Pokemon\Trainer.cpp(8,5): error C2065: 'mTrainerName': undeclared identifier
C:\Users\karris.webb\M2-GD-WEBB_Karris_Pokemon\M2-GD-WEBB_Karris_Pokemon\Trainer.cpp(9,5): error C2065: 'mTrainerLastName': undeclared identifier
C:\Users\karris.webb\M2-GD-WEBB_Karris_Pokemon\M2-GD-WEBB_Karris_Pokemon\Trainer.cpp(10,5): error C2065: 'mCatchphrase': undeclared identifier
C:\Users\karris.webb\M2-GD-WEBB_Karris_Pokemon\M2-GD-WEBB_Karris_Pokemon\Trainer.cpp(11,5): error C2065: 'mTrainerLife': undeclared identifier
C:\Users\karris.webb\M2-GD-WEBB_Karris_Pokemon\M2-GD-WEBB_Karris_Pokemon\Trainer.cpp(12,5): error C2065: 'mMoney': undeclared identifier
C:\Users\karris.webb\M2-GD-WEBB_Karris_Pokemon\M2-GD-WEBB_Karris_Pokemon\Trainer.cpp(13,5): error C2065: 'mPokeballs': undeclared identifier
C:\Users\karris.webb\M2-GD-WEBB_Karris_Pokemon\M2-GD-WEBB_Karris_Pokemon\Trainer.cpp(14,1): warning C4508: 'Trainer': function should return a value; 'void' return type assumed
C:\Users\karris.webb\M2-GD-WEBB_Karris_Pokemon\M2-GD-WEBB_Karris_Pokemon\Trainer.cpp(17,1): error C2653: 'Trainer': is not a class or namespace name
C:\Users\karris.webb\M2-GD-WEBB_Karris_Pokemon\M2-GD-WEBB_Karris_Pokemon\Trainer.cpp(18,1): error C4430: missing type specifier - int assumed. Note: C++ does not support default-int
C:\Users\karris.webb\M2-GD-WEBB_Karris_Pokemon\M2-GD-WEBB_Karris_Pokemon\Trainer.cpp(19,5): error C2065: 'mTrainerName': undeclared identifier
C:\Users\karris.webb\M2-GD-WEBB_Karris_Pokemon\M2-GD-WEBB_Karris_Pokemon\Trainer.cpp(20,5): error C2065: 'mTrainerLastName': undeclared identifier
C:\Users\karris.webb\M2-GD-WEBB_Karris_Pokemon\M2-GD-WEBB_Karris_Pokemon\Trainer.cpp(21,5): error C2065: 'mCatchphrase': undeclared identifier
C:\Users\karris.webb\M2-GD-WEBB_Karris_Pokemon\M2-GD-WEBB_Karris_Pokemon\Trainer.cpp(22,5): error C2065: 'mTrainerLife': undeclared identifier
C:\Users\karris.webb\M2-GD-WEBB_Karris_Pokemon\M2-GD-WEBB_Karris_Pokemon\Trainer.cpp(23,5): error C2065: 'mMoney': undeclared identifier
C:\Users\karris.webb\M2-GD-WEBB_Karris_Pokemon\M2-GD-WEBB_Karris_Pokemon\Trainer.cpp(24,5): error C2065: 'mPokeballs': undeclared identifier
C:\Users\karris.webb\M2-GD-WEBB_Karris_Pokemon\M2-GD-WEBB_Karris_Pokemon\Trainer.cpp(25,1): warning C4508: 'Trainer': function should return a value; 'void' return type assumed
C:\Users\karris.webb\M2-GD-WEBB_Karris_Pokemon\M2-GD-WEBB_Karris_Pokemon\Trainer.cpp(27,1): error C2653: 'Trainer': is not a class or namespace name
C:\Users\karris.webb\M2-GD-WEBB_Karris_Pokemon\M2-GD-WEBB_Karris_Pokemon\Trainer.cpp(27,21): error C4430: missing type specifier - int assumed. Note: C++ does not support default-int
C:\Users\karris.webb\M2-GD-WEBB_Karris_Pokemon\M2-GD-WEBB_Karris_Pokemon\Trainer.cpp(27,11): error C2084: function 'int {dtor}(void)' already has a body
C:\Users\karris.webb\M2-GD-WEBB_Karris_Pokemon\M2-GD-WEBB_Karris_Pokemon\Pokemon.cpp(26,11): message : see previous definition of '{dtor}'
C:\Users\karris.webb\M2-GD-WEBB_Karris_Pokemon\M2-GD-WEBB_Karris_Pokemon\Trainer.cpp(29,8): error C2653: 'Trainer': is not a class or namespace name
C:\Users\karris.webb\M2-GD-WEBB_Karris_Pokemon\M2-GD-WEBB_Karris_Pokemon\Trainer.cpp(29,43): error C2065: 'mTrainerName': undeclared identifier
C:\Users\karris.webb\M2-GD-WEBB_Karris_Pokemon\M2-GD-WEBB_Karris_Pokemon\Trainer.cpp(29,57): error C2065: 'mTrainerLastName': undeclared identifier
C:\Users\karris.webb\M2-GD-WEBB_Karris_Pokemon\M2-GD-WEBB_Karris_Pokemon\Trainer.cpp(31,8): error C2653: 'Trainer': is not a class or namespace name
C:\Users\karris.webb\M2-GD-WEBB_Karris_Pokemon\M2-GD-WEBB_Karris_Pokemon\Trainer.cpp(31,43): error C2065: 'mCatchphrase': undeclared identifier
C:\Users\karris.webb\M2-GD-WEBB_Karris_Pokemon\M2-GD-WEBB_Karris_Pokemon\Trainer.cpp(33,5): error C2653: 'Trainer': is not a class or namespace name
C:\Users\karris.webb\M2-GD-WEBB_Karris_Pokemon\M2-GD-WEBB_Karris_Pokemon\Trainer.cpp(33,34): error C2065: 'mMoney': undeclared identifier
C:\Users\karris.webb\M2-GD-WEBB_Karris_Pokemon\M2-GD-WEBB_Karris_Pokemon\Trainer.cpp(35,5): error C2653: 'Trainer': is not a class or namespace name
C:\Users\karris.webb\M2-GD-WEBB_Karris_Pokemon\M2-GD-WEBB_Karris_Pokemon\Trainer.cpp(35,14): error C2084: function 'int getLife(void)' already has a body
C:\Users\karris.webb\M2-GD-WEBB_Karris_Pokemon\M2-GD-WEBB_Karris_Pokemon\Pokemon.cpp(36,14): message : see previous definition of 'getLife'
C:\Users\karris.webb\M2-GD-WEBB_Karris_Pokemon\M2-GD-WEBB_Karris_Pokemon\Trainer.cpp(35,33): error C2065: 'mTrainerLife': undeclared identifier
C:\Users\karris.webb\M2-GD-WEBB_Karris_Pokemon\M2-GD-WEBB_Karris_Pokemon\M2-GD-WEBB_Karris_Pokemon.cpp(28,17): error C2146: syntax error: missing ';' before identifier 'catchphrase'
C:\Users\karris.webb\M2-GD-WEBB_Karris_Pokemon\M2-GD-WEBB_Karris_Pokemon\M2-GD-WEBB_Karris_Pokemon.cpp(28,9): warning C4551: function call missing argument list
C:\Users\karris.webb\M2-GD-WEBB_Karris_Pokemon\M2-GD-WEBB_Karris_Pokemon\M2-GD-WEBB_Karris_Pokemon.cpp(28,17): error C2065: 'catchphrase': undeclared identifier
C:\Users\karris.webb\M2-GD-WEBB_Karris_Pokemon\M2-GD-WEBB_Karris_Pokemon\M2-GD-WEBB_Karris_Pokemon.cpp(29,42): error C2065: 'catchphrase': undeclared identifier
C:\Users\karris.webb\M2-GD-WEBB_Karris_Pokemon\M2-GD-WEBB_Karris_Pokemon\M2-GD-WEBB_Karris_Pokemon.cpp(41,17): error C2146: syntax error: missing ';' before identifier 'defaultPokemon'
C:\Users\karris.webb\M2-GD-WEBB_Karris_Pokemon\M2-GD-WEBB_Karris_Pokemon\M2-GD-WEBB_Karris_Pokemon.cpp(41,9): warning C4551: function call missing argument list
C:\Users\karris.webb\M2-GD-WEBB_Karris_Pokemon\M2-GD-WEBB_Karris_Pokemon\M2-GD-WEBB_Karris_Pokemon.cpp(41,17): error C2065: 'defaultPokemon': undeclared identifier
C:\Users\karris.webb\M2-GD-WEBB_Karris_Pokemon\M2-GD-WEBB_Karris_Pokemon\M2-GD-WEBB_Karris_Pokemon.cpp(43,35): error C2065: 'defaultPokemon': undeclared identifier
C:\Users\karris.webb\M2-GD-WEBB_Karris_Pokemon\M2-GD-WEBB_Karris_Pokemon\M2-GD-WEBB_Karris_Pokemon.cpp(48,17): error C2146: syntax error: missing ';' before identifier 'custom'
C:\Users\karris.webb\M2-GD-WEBB_Karris_Pokemon\M2-GD-WEBB_Karris_Pokemon\M2-GD-WEBB_Karris_Pokemon.cpp(48,9): warning C4551: function call missing argument list
C:\Users\karris.webb\M2-GD-WEBB_Karris_Pokemon\M2-GD-WEBB_Karris_Pokemon\M2-GD-WEBB_Karris_Pokemon.cpp(48,17): error C2065: 'custom': undeclared identifier
C:\Users\karris.webb\M2-GD-WEBB_Karris_Pokemon\M2-GD-WEBB_Karris_Pokemon\M2-GD-WEBB_Karris_Pokemon.cpp(58,9): error C2065: 'custom': undeclared identifier
C:\Users\karris.webb\M2-GD-WEBB_Karris_Pokemon\M2-GD-WEBB_Karris_Pokemon\M2-GD-WEBB_Karris_Pokemon.cpp(60,35): error C2065: 'custom': undeclared identifier
  Pokemon.cpp
C:\Users\karris.webb\M2-GD-WEBB_Karris_Pokemon\M2-GD-WEBB_Karris_Pokemon\Pokemon.h(4,10): warning C4067: unexpected tokens following preprocessor directive - expected a newline
C:\Users\karris.webb\M2-GD-WEBB_Karris_Pokemon\M2-GD-WEBB_Karris_Pokemon\Pokemon.cpp(6,1): error C2653: 'Pokemon': is not a class or namespace name
C:\Users\karris.webb\M2-GD-WEBB_Karris_Pokemon\M2-GD-WEBB_Karris_Pokemon\Pokemon.cpp(7,1): error C4430: missing type specifier - int assumed. Note: C++ does not support default-int
C:\Users\karris.webb\M2-GD-WEBB_Karris_Pokemon\M2-GD-WEBB_Karris_Pokemon\Pokemon.cpp(8,5): error C2065: 'mName': undeclared identifier
C:\Users\karris.webb\M2-GD-WEBB_Karris_Pokemon\M2-GD-WEBB_Karris_Pokemon\Pokemon.cpp(9,5): error C2065: 'mDescription': undeclared identifier
C:\Users\karris.webb\M2-GD-WEBB_Karris_Pokemon\M2-GD-WEBB_Karris_Pokemon\Pokemon.cpp(10,5): error C2065: 'mPokemonType': undeclared identifier
C:\Users\karris.webb\M2-GD-WEBB_Karris_Pokemon\M2-GD-WEBB_Karris_Pokemon\Pokemon.cpp(11,5): error C2065: 'mLevel': undeclared identifier
C:\Users\karris.webb\M2-GD-WEBB_Karris_Pokemon\M2-GD-WEBB_Karris_Pokemon\Pokemon.cpp(12,5): error C2065: 'mLife': undeclared identifier
C:\Users\karris.webb\M2-GD-WEBB_Karris_Pokemon\M2-GD-WEBB_Karris_Pokemon\Pokemon.cpp(13,1): warning C4508: 'Pokemon': function should return a value; 'void' return type assumed
C:\Users\karris.webb\M2-GD-WEBB_Karris_Pokemon\M2-GD-WEBB_Karris_Pokemon\Pokemon.cpp(16,1): error C2653: 'Pokemon': is not a class or namespace name
C:\Users\karris.webb\M2-GD-WEBB_Karris_Pokemon\M2-GD-WEBB_Karris_Pokemon\Pokemon.cpp(17,1): error C4430: missing type specifier - int assumed. Note: C++ does not support default-int
C:\Users\karris.webb\M2-GD-WEBB_Karris_Pokemon\M2-GD-WEBB_Karris_Pokemon\Pokemon.cpp(18,5): error C2065: 'mName': undeclared identifier
C:\Users\karris.webb\M2-GD-WEBB_Karris_Pokemon\M2-GD-WEBB_Karris_Pokemon\Pokemon.cpp(19,5): error C2065: 'mDescription': undeclared identifier
C:\Users\karris.webb\M2-GD-WEBB_Karris_Pokemon\M2-GD-WEBB_Karris_Pokemon\Pokemon.cpp(20,5): error C2065: 'mPokemonType': undeclared identifier
C:\Users\karris.webb\M2-GD-WEBB_Karris_Pokemon\M2-GD-WEBB_Karris_Pokemon\Pokemon.cpp(21,5): error C2065: 'mPokemonType': undeclared identifier
C:\Users\karris.webb\M2-GD-WEBB_Karris_Pokemon\M2-GD-WEBB_Karris_Pokemon\Pokemon.cpp(22,5): error C2065: 'mLevel': undeclared identifier
C:\Users\karris.webb\M2-GD-WEBB_Karris_Pokemon\M2-GD-WEBB_Karris_Pokemon\Pokemon.cpp(23,5): error C2065: 'mLife': undeclared identifier
C:\Users\karris.webb\M2-GD-WEBB_Karris_Pokemon\M2-GD-WEBB_Karris_Pokemon\Pokemon.cpp(24,1): warning C4508: 'Pokemon': function should return a value; 'void' return type assumed
C:\Users\karris.webb\M2-GD-WEBB_Karris_Pokemon\M2-GD-WEBB_Karris_Pokemon\Pokemon.cpp(26,1): error C2653: 'Pokemon': is not a class or namespace name
C:\Users\karris.webb\M2-GD-WEBB_Karris_Pokemon\M2-GD-WEBB_Karris_Pokemon\Pokemon.cpp(26,21): error C4430: missing type specifier - int assumed. Note: C++ does not support default-int
C:\Users\karris.webb\M2-GD-WEBB_Karris_Pokemon\M2-GD-WEBB_Karris_Pokemon\Pokemon.cpp(26,22): warning C4508: '{dtor}': function should return a value; 'void' return type assumed
C:\Users\karris.webb\M2-GD-WEBB_Karris_Pokemon\M2-GD-WEBB_Karris_Pokemon\Pokemon.cpp(28,8): error C2653: 'Pokemon': is not a class or namespace name
C:\Users\karris.webb\M2-GD-WEBB_Karris_Pokemon\M2-GD-WEBB_Karris_Pokemon\Pokemon.cpp(28,43): error C2065: 'mName': undeclared identifier
C:\Users\karris.webb\M2-GD-WEBB_Karris_Pokemon\M2-GD-WEBB_Karris_Pokemon\Pokemon.cpp(30,8): error C2653: 'Pokemon': is not a class or namespace name
C:\Users\karris.webb\M2-GD-WEBB_Karris_Pokemon\M2-GD-WEBB_Karris_Pokemon\Pokemon.cpp(30,50): error C2065: 'mDescription': undeclared identifier
C:\Users\karris.webb\M2-GD-WEBB_Karris_Pokemon\M2-GD-WEBB_Karris_Pokemon\Pokemon.cpp(32,14): error C2653: 'Pokemon': is not a class or namespace name
C:\Users\karris.webb\M2-GD-WEBB_Karris_Pokemon\M2-GD-WEBB_Karris_Pokemon\Pokemon.cpp(32,49): error C2065: 'mPokemonType': undeclared identifier
C:\Users\karris.webb\M2-GD-WEBB_Karris_Pokemon\M2-GD-WEBB_Karris_Pokemon\Pokemon.cpp(34,5): error C2653: 'Pokemon': is not a class or namespace name
C:\Users\karris.webb\M2-GD-WEBB_Karris_Pokemon\M2-GD-WEBB_Karris_Pokemon\Pokemon.cpp(34,34): error C2065: 'mLevel': undeclared identifier
C:\Users\karris.webb\M2-GD-WEBB_Karris_Pokemon\M2-GD-WEBB_Karris_Pokemon\Pokemon.cpp(36,5): error C2653: 'Pokemon': is not a class or namespace name
C:\Users\karris.webb\M2-GD-WEBB_Karris_Pokemon\M2-GD-WEBB_Karris_Pokemon\Pokemon.cpp(36,33): error C2065: 'mLife': undeclared identifier
  Trainer.cpp
C:\Users\karris.webb\M2-GD-WEBB_Karris_Pokemon\M2-GD-WEBB_Karris_Pokemon\Trainer.h(3,10): warning C4067: unexpected tokens following preprocessor directive - expected a newline
C:\Users\karris.webb\M2-GD-WEBB_Karris_Pokemon\M2-GD-WEBB_Karris_Pokemon\Trainer.cpp(6,1): error C2653: 'Trainer': is not a class or namespace name
C:\Users\karris.webb\M2-GD-WEBB_Karris_Pokemon\M2-GD-WEBB_Karris_Pokemon\Trainer.cpp(7,1): error C4430: missing type specifier - int assumed. Note: C++ does not support default-int
C:\Users\karris.webb\M2-GD-WEBB_Karris_Pokemon\M2-GD-WEBB_Karris_Pokemon\Trainer.cpp(8,5): error C2065: 'mTrainerName': undeclared identifier
C:\Users\karris.webb\M2-GD-WEBB_Karris_Pokemon\M2-GD-WEBB_Karris_Pokemon\Trainer.cpp(9,5): error C2065: 'mTrainerLastName': undeclared identifier
C:\Users\karris.webb\M2-GD-WEBB_Karris_Pokemon\M2-GD-WEBB_Karris_Pokemon\Trainer.cpp(10,5): error C2065: 'mCatchphrase': undeclared identifier
C:\Users\karris.webb\M2-GD-WEBB_Karris_Pokemon\M2-GD-WEBB_Karris_Pokemon\Trainer.cpp(11,5): error C2065: 'mTrainerLife': undeclared identifier
C:\Users\karris.webb\M2-GD-WEBB_Karris_Pokemon\M2-GD-WEBB_Karris_Pokemon\Trainer.cpp(12,5): error C2065: 'mMoney': undeclared identifier
C:\Users\karris.webb\M2-GD-WEBB_Karris_Pokemon\M2-GD-WEBB_Karris_Pokemon\Trainer.cpp(13,5): error C2065: 'mPokeballs': undeclared identifier
C:\Users\karris.webb\M2-GD-WEBB_Karris_Pokemon\M2-GD-WEBB_Karris_Pokemon\Trainer.cpp(14,1): warning C4508: 'Trainer': function should return a value; 'void' return type assumed
C:\Users\karris.webb\M2-GD-WEBB_Karris_Pokemon\M2-GD-WEBB_Karris_Pokemon\Trainer.cpp(17,1): error C2653: 'Trainer': is not a class or namespace name
C:\Users\karris.webb\M2-GD-WEBB_Karris_Pokemon\M2-GD-WEBB_Karris_Pokemon\Trainer.cpp(18,1): error C4430: missing type specifier - int assumed. Note: C++ does not support default-int
C:\Users\karris.webb\M2-GD-WEBB_Karris_Pokemon\M2-GD-WEBB_Karris_Pokemon\Trainer.cpp(19,5): error C2065: 'mTrainerName': undeclared identifier
C:\Users\karris.webb\M2-GD-WEBB_Karris_Pokemon\M2-GD-WEBB_Karris_Pokemon\Trainer.cpp(20,5): error C2065: 'mTrainerLastName': undeclared identifier
C:\Users\karris.webb\M2-GD-WEBB_Karris_Pokemon\M2-GD-WEBB_Karris_Pokemon\Trainer.cpp(21,5): error C2065: 'mCatchphrase': undeclared identifier
C:\Users\karris.webb\M2-GD-WEBB_Karris_Pokemon\M2-GD-WEBB_Karris_Pokemon\Trainer.cpp(22,5): error C2065: 'mTrainerLife': undeclared identifier
C:\Users\karris.webb\M2-GD-WEBB_Karris_Pokemon\M2-GD-WEBB_Karris_Pokemon\Trainer.cpp(23,5): error C2065: 'mMoney': undeclared identifier
C:\Users\karris.webb\M2-GD-WEBB_Karris_Pokemon\M2-GD-WEBB_Karris_Pokemon\Trainer.cpp(24,5): error C2065: 'mPokeballs': undeclared identifier
C:\Users\karris.webb\M2-GD-WEBB_Karris_Pokemon\M2-GD-WEBB_Karris_Pokemon\Trainer.cpp(25,1): warning C4508: 'Trainer': function should return a value; 'void' return type assumed
C:\Users\karris.webb\M2-GD-WEBB_Karris_Pokemon\M2-GD-WEBB_Karris_Pokemon\Trainer.cpp(27,1): error C2653: 'Trainer': is not a class or namespace name
C:\Users\karris.webb\M2-GD-WEBB_Karris_Pokemon\M2-GD-WEBB_Karris_Pokemon\Trainer.cpp(27,21): error C4430: missing type specifier - int assumed. Note: C++ does not support default-int
C:\Users\karris.webb\M2-GD-WEBB_Karris_Pokemon\M2-GD-WEBB_Karris_Pokemon\Trainer.cpp(27,22): warning C4508: '{dtor}': function should return a value; 'void' return type assumed
C:\Users\karris.webb\M2-GD-WEBB_Karris_Pokemon\M2-GD-WEBB_Karris_Pokemon\Trainer.cpp(29,8): error C2653: 'Trainer': is not a class or namespace name
C:\Users\karris.webb\M2-GD-WEBB_Karris_Pokemon\M2-GD-WEBB_Karris_Pokemon\Trainer.cpp(29,43): error C2065: 'mTrainerName': undeclared identifier
C:\Users\karris.webb\M2-GD-WEBB_Karris_Pokemon\M2-GD-WEBB_Karris_Pokemon\Trainer.cpp(29,57): error C2065: 'mTrainerLastName': undeclared identifier
C:\Users\karris.webb\M2-GD-WEBB_Karris_Pokemon\M2-GD-WEBB_Karris_Pokemon\Trainer.cpp(31,8): error C2653: 'Trainer': is not a class or namespace name
C:\Users\karris.webb\M2-GD-WEBB_Karris_Pokemon\M2-GD-WEBB_Karris_Pokemon\Trainer.cpp(31,43): error C2065: 'mCatchphrase': undeclared identifier
C:\Users\karris.webb\M2-GD-WEBB_Karris_Pokemon\M2-GD-WEBB_Karris_Pokemon\Trainer.cpp(33,5): error C2653: 'Trainer': is not a class or namespace name
C:\Users\karris.webb\M2-GD-WEBB_Karris_Pokemon\M2-GD-WEBB_Karris_Pokemon\Trainer.cpp(33,34): error C2065: 'mMoney': undeclared identifier
C:\Users\karris.webb\M2-GD-WEBB_Karris_Pokemon\M2-GD-WEBB_Karris_Pokemon\Trainer.cpp(35,5): error C2653: 'Trainer': is not a class or namespace name
C:\Users\karris.webb\M2-GD-WEBB_Karris_Pokemon\M2-GD-WEBB_Karris_Pokemon\Trainer.cpp(35,33): error C2065: 'mTrainerLife': undeclared identifier
C:\Users\karris.webb\M2-GD-WEBB_Karris_Pokemon\M2-GD-WEBB_Karris_Pokemon\Trainer.cpp(27,11): error C2600: 'Trainer::~Trainer': cannot define a compiler-generated special member function (must be declared in the class first)
  Generating Code...
